TN:
SF:postcss.config.cjs
FN:1,(empty-report)
FNF:1
FNH:0
FNDA:0,(empty-report)
DA:1,0
DA:2,0
DA:3,0
DA:4,0
DA:5,0
DA:6,0
LF:6
LH:0
BRDA:1,0,0,0
BRF:1
BRH:0
end_of_record
TN:
SF:tailwind.config.cjs
FN:1,(empty-report)
FNF:1
FNH:0
FNDA:0,(empty-report)
DA:1,0
DA:2,0
DA:3,0
DA:4,0
DA:5,0
DA:6,0
DA:7,0
DA:8,0
DA:9,0
DA:10,0
DA:11,0
DA:12,0
DA:13,0
DA:14,0
DA:15,0
DA:16,0
LF:16
LH:0
BRDA:1,0,0,0
BRF:1
BRH:0
end_of_record
TN:
SF:src/main.tsx
FN:1,(empty-report)
FNF:1
FNH:0
FNDA:0,(empty-report)
DA:1,0
DA:2,0
DA:3,0
DA:4,0
DA:5,0
DA:6,0
DA:7,0
DA:8,0
DA:9,0
LF:9
LH:0
BRDA:1,0,0,0
BRF:1
BRH:0
end_of_record
TN:
SF:src/app/App.tsx
FN:4,App
FNF:1
FNH:1
FNDA:1,App
DA:1,1
DA:2,1
DA:3,1
DA:4,1
DA:5,1
DA:6,1
DA:7,1
DA:8,1
DA:9,1
DA:10,1
DA:11,1
DA:12,1
DA:13,1
LF:13
LH:13
BRDA:4,0,0,1
BRF:1
BRH:1
end_of_record
TN:
SF:src/app/ui/components/AppHeader.tsx
FN:1,AppHeader
FNF:1
FNH:1
FNDA:1,AppHeader
DA:1,1
DA:2,1
DA:3,1
DA:4,1
DA:5,1
DA:6,1
DA:7,1
DA:8,1
DA:9,1
LF:9
LH:9
BRDA:1,0,0,1
BRF:1
BRH:1
end_of_record
TN:
SF:src/entities/event/api/generator.ts
FN:4,randomChoice
FN:8,randomMessage
FN:21,randomType
FN:28,randomId
FN:32,generateRandomEvent
FNF:5
FNH:5
FNDA:2,randomChoice
FNDA:4,randomMessage
FNDA:4,randomType
FNDA:2,randomId
FNDA:1,generateRandomEvent
DA:1,1
DA:2,1
DA:3,1
DA:4,1
DA:5,2
DA:6,2
DA:7,1
DA:8,1
DA:9,4
DA:10,4
DA:11,2
DA:12,4
DA:13,1
DA:14,4
DA:15,1
DA:16,4
DA:17,0
DA:18,4
DA:19,4
DA:20,1
DA:21,1
DA:22,4
DA:23,4
DA:24,4
DA:25,1
DA:26,1
DA:27,1
DA:28,1
DA:29,2
DA:30,2
DA:31,1
DA:32,1
DA:33,1
DA:34,1
DA:35,1
DA:36,1
DA:37,1
DA:38,1
DA:39,1
DA:40,1
DA:41,1
DA:42,1
LF:42
LH:41
BRDA:4,0,0,2
BRDA:8,1,0,4
BRDA:10,2,0,2
BRDA:12,3,0,1
BRDA:14,4,0,1
BRDA:16,5,0,0
BRDA:21,6,0,4
BRDA:23,7,0,2
BRDA:24,8,0,1
BRDA:28,9,0,2
BRDA:32,10,0,1
BRF:11
BRH:10
end_of_record
TN:
SF:src/entities/event/api/stream.ts
FN:7,<instance_members_initializer>
FN:11,start
FN:13,tick
FN:22,stop
FN:29,on
FNF:5
FNH:5
FNDA:5,<instance_members_initializer>
FNDA:4,start
FNDA:3,tick
FNDA:1,stop
FNDA:1,on
DA:1,1
DA:2,1
DA:3,1
DA:4,1
DA:5,1
DA:6,1
DA:7,1
DA:8,5
DA:9,5
DA:10,5
DA:11,5
DA:12,4
DA:13,3
DA:14,3
DA:15,3
DA:16,3
DA:17,3
DA:18,3
DA:19,3
DA:20,4
DA:21,5
DA:22,5
DA:23,1
DA:24,1
DA:25,1
DA:26,1
DA:27,1
DA:28,5
DA:29,5
DA:30,1
DA:31,1
DA:32,1
DA:33,1
DA:34,1
DA:35,5
DA:36,1
DA:37,1
LF:37
LH:37
BRDA:7,0,0,5
BRDA:11,1,0,4
BRDA:12,2,0,1
BRDA:12,3,0,3
BRDA:13,4,0,3
BRDA:22,5,0,1
BRDA:29,6,0,1
BRDA:31,7,0,1
BRF:8
BRH:8
end_of_record
TN:
SF:src/entities/event/constants/index.ts
FNF:0
FNH:0
DA:1,1
DA:2,1
DA:3,1
DA:4,1
DA:5,1
DA:6,1
DA:7,1
DA:8,1
DA:9,1
DA:10,1
DA:11,1
DA:12,1
DA:13,1
DA:14,1
DA:15,1
LF:15
LH:15
BRF:0
BRH:0
end_of_record
TN:
SF:src/entities/event/mocks/initialEvents.ts
FN:4,generateInitialEvents
FNF:1
FNH:1
FNDA:3,generateInitialEvents
DA:1,1
DA:2,1
DA:3,1
DA:4,1
DA:5,3
DA:6,3
DA:7,3
DA:8,8
DA:9,8
DA:10,8
DA:11,8
DA:12,8
DA:13,8
DA:14,3
DA:15,3
LF:15
LH:15
BRDA:4,0,0,3
BRDA:7,1,0,8
BRF:2
BRH:2
end_of_record
TN:
SF:src/entities/event/model/store.ts
FN:29,add
FN:35,setWindowSize
FN:50,select
FN:53,markSeen
FN:60,init
FN:84,all
FN:85,selected
FNF:7
FNH:1
FNDA:4,add
FNDA:0,setWindowSize
FNDA:0,select
FNDA:0,markSeen
FNDA:0,init
FNDA:0,all
FNDA:0,selected
DA:1,1
DA:2,1
DA:3,1
DA:4,1
DA:5,1
DA:6,1
DA:7,1
DA:8,1
DA:9,1
DA:10,1
DA:11,1
DA:12,1
DA:13,1
DA:14,1
DA:15,1
DA:16,1
DA:17,1
DA:18,1
DA:19,1
DA:20,1
DA:21,1
DA:22,1
DA:23,1
DA:24,1
DA:25,1
DA:26,1
DA:27,1
DA:28,1
DA:29,1
DA:30,4
DA:31,4
DA:32,4
DA:33,4
DA:34,4
DA:35,1
DA:36,0
DA:37,0
DA:38,0
DA:39,0
DA:40,0
DA:41,0
DA:42,0
DA:43,0
DA:44,0
DA:45,0
DA:46,0
DA:47,0
DA:48,0
DA:49,0
DA:50,1
DA:51,0
DA:52,0
DA:53,1
DA:54,0
DA:55,0
DA:56,0
DA:57,0
DA:58,0
DA:59,0
DA:60,1
DA:61,0
DA:62,0
DA:63,0
DA:64,0
DA:65,0
DA:66,0
DA:67,0
DA:68,0
DA:69,0
DA:70,0
DA:71,0
DA:72,0
DA:73,0
DA:74,0
DA:75,0
DA:76,0
DA:77,0
DA:78,0
DA:79,0
DA:80,0
DA:81,1
DA:82,1
DA:83,1
DA:84,1
DA:85,1
DA:86,0
DA:87,1
LF:87
LH:44
BRDA:23,0,0,1
BRDA:29,1,0,4
BRDA:32,2,0,1
BRF:3
BRH:3
end_of_record
TN:
SF:src/features/filters/model/store.ts
FN:26,createEmptyFilters
FN:34,serializeFilters
FN:42,deserializeFilters
FN:50,loadFilters
FN:63,saveFilters
FN:70,persistCurrentFilters
FN:77,setTypes
FN:81,setSources
FN:85,setQuery
FN:89,reset
FNF:10
FNH:10
FNDA:1,createEmptyFilters
FNDA:7,serializeFilters
FNDA:1,deserializeFilters
FNDA:1,loadFilters
FNDA:7,saveFilters
FNDA:6,persistCurrentFilters
FNDA:2,setTypes
FNDA:2,setSources
FNDA:2,setQuery
FNDA:1,reset
DA:1,1
DA:2,1
DA:3,1
DA:4,1
DA:5,1
DA:6,1
DA:7,1
DA:8,1
DA:9,1
DA:10,1
DA:11,1
DA:12,1
DA:13,1
DA:14,1
DA:15,1
DA:16,1
DA:17,1
DA:18,1
DA:19,1
DA:20,1
DA:21,1
DA:22,1
DA:23,1
DA:24,1
DA:25,1
DA:26,1
DA:27,1
DA:28,1
DA:29,1
DA:30,1
DA:31,1
DA:32,1
DA:33,1
DA:34,7
DA:35,7
DA:36,7
DA:37,7
DA:38,7
DA:39,7
DA:40,7
DA:41,1
DA:42,1
DA:43,1
DA:44,1
DA:45,1
DA:46,1
DA:47,1
DA:48,1
DA:49,1
DA:50,1
DA:51,1
DA:52,1
DA:53,1
DA:54,1
DA:55,1
DA:56,1
DA:57,1
DA:58,1
DA:59,0
DA:60,0
DA:61,1
DA:62,1
DA:63,7
DA:64,7
DA:65,7
DA:66,1
DA:67,1
DA:68,1
DA:69,1
DA:70,1
DA:71,6
DA:72,6
DA:73,6
DA:74,1
DA:75,1
DA:76,1
DA:77,1
DA:78,2
DA:79,2
DA:80,2
DA:81,1
DA:82,2
DA:83,2
DA:84,2
DA:85,1
DA:86,2
DA:87,2
DA:88,2
DA:89,1
DA:90,1
DA:91,1
DA:92,1
DA:93,1
DA:94,1
DA:95,1
LF:95
LH:93
BRDA:26,0,0,1
BRDA:34,1,0,7
BRDA:42,2,0,1
BRDA:50,3,0,1
BRDA:58,4,0,0
BRDA:63,5,0,7
BRDA:67,6,0,1
BRDA:70,7,0,6
BRDA:77,8,0,2
BRDA:81,9,0,2
BRDA:85,10,0,2
BRDA:89,11,0,1
BRF:12
BRH:11
end_of_record
TN:
SF:src/features/filters/ui/FiltersPanel.tsx
FN:8,FiltersPanel
FN:12,onToggleType
FN:19,onToggleSource
FNF:3
FNH:1
FNDA:4,FiltersPanel
FNDA:0,onToggleType
FNDA:0,onToggleSource
DA:1,1
DA:2,1
DA:3,1
DA:4,1
DA:5,1
DA:6,1
DA:7,1
DA:8,1
DA:9,4
DA:10,4
DA:11,4
DA:12,4
DA:13,0
DA:14,0
DA:15,0
DA:16,0
DA:17,0
DA:18,4
DA:19,4
DA:20,0
DA:21,0
DA:22,0
DA:23,0
DA:24,0
DA:25,4
DA:26,4
DA:27,4
DA:28,4
DA:29,4
DA:30,4
DA:31,4
DA:32,4
DA:33,4
DA:34,4
DA:35,4
DA:36,4
DA:37,4
DA:38,4
DA:39,4
DA:40,4
DA:41,4
DA:42,4
DA:43,4
DA:44,4
DA:45,4
DA:46,4
DA:47,4
DA:48,4
DA:49,4
DA:50,4
DA:51,4
DA:52,4
DA:53,4
LF:53
LH:43
BRDA:8,0,0,4
BRDA:27,1,0,4
BRF:2
BRH:2
end_of_record
TN:
SF:src/features/filters/ui/components/FilterButtonGroup.tsx
FN:9,FilterButtonGroup
FN:29,onClick
FNF:2
FNH:2
FNDA:3,FilterButtonGroup
FNDA:1,onClick
DA:1,1
DA:2,1
DA:3,1
DA:4,1
DA:5,1
DA:6,1
DA:7,1
DA:8,1
DA:9,1
DA:10,3
DA:11,3
DA:12,3
DA:13,3
DA:14,3
DA:15,3
DA:16,3
DA:17,3
DA:18,3
DA:19,3
DA:20,3
DA:21,3
DA:22,3
DA:23,9
DA:24,9
DA:25,9
DA:26,9
DA:27,9
DA:28,9
DA:29,9
DA:30,9
DA:31,9
DA:32,9
DA:33,9
DA:34,9
DA:35,9
DA:36,9
DA:37,9
DA:38,3
DA:39,3
DA:40,3
DA:41,3
DA:42,3
LF:42
LH:42
BRDA:9,0,0,3
BRDA:22,1,0,9
BRDA:32,2,0,2
BRDA:32,3,0,7
BRDA:29,4,0,1
BRF:5
BRH:5
end_of_record
TN:
SF:src/features/filters/ui/components/SearchInput.tsx
FN:10,SearchInput
FN:23,handleChange
FN:29,handleReset
FNF:3
FNH:3
FNDA:12,SearchInput
FNDA:3,handleChange
FNDA:1,handleReset
DA:1,1
DA:2,1
DA:3,1
DA:4,1
DA:5,1
DA:6,1
DA:7,1
DA:8,1
DA:9,1
DA:10,1
DA:11,12
DA:12,12
DA:13,12
DA:14,12
DA:15,12
DA:16,12
DA:17,12
DA:18,5
DA:19,12
DA:20,12
DA:21,12
DA:22,12
DA:23,12
DA:24,3
DA:25,3
DA:26,3
DA:27,3
DA:28,12
DA:29,12
DA:30,1
DA:31,1
DA:32,1
DA:33,12
DA:34,12
DA:35,12
DA:36,12
DA:37,12
DA:38,12
DA:39,12
DA:40,12
DA:41,12
DA:42,12
DA:43,12
DA:44,12
DA:45,12
DA:46,12
DA:47,12
DA:48,12
DA:49,12
DA:50,12
DA:51,12
LF:51
LH:51
BRDA:10,0,0,12
BRDA:17,1,0,5
BRDA:21,2,0,4
BRDA:23,3,0,3
BRDA:29,4,0,1
BRF:5
BRH:5
end_of_record
TN:
SF:src/pages/dashboard/ui/DashboardPage.tsx
FN:5,DashboardPage
FNF:1
FNH:1
FNDA:2,DashboardPage
DA:1,1
DA:2,1
DA:3,1
DA:4,1
DA:5,1
DA:6,2
DA:7,2
DA:8,2
DA:9,2
DA:10,2
DA:11,2
DA:12,2
DA:13,2
DA:14,2
DA:15,2
DA:16,2
DA:17,2
DA:18,2
DA:19,2
DA:20,2
DA:21,2
DA:22,2
LF:22
LH:22
BRDA:5,0,0,2
BRF:1
BRH:1
end_of_record
TN:
SF:src/shared/lib/persist.ts
FN:1,persistGet
FN:11,persistSet
FNF:2
FNH:2
FNDA:4,persistGet
FNDA:5,persistSet
DA:1,1
DA:2,4
DA:3,4
DA:4,4
DA:5,2
DA:6,4
DA:7,1
DA:8,1
DA:9,4
DA:10,1
DA:11,1
DA:12,5
DA:13,5
DA:14,5
DA:15,0
DA:16,0
DA:17,5
LF:17
LH:15
BRDA:1,0,0,4
BRDA:4,1,0,2
BRDA:6,2,0,1
BRDA:11,3,0,5
BRDA:14,4,0,0
BRF:5
BRH:4
end_of_record
TN:
SF:src/shared/lib/utils.ts
FN:4,cn
FN:8,debounce
FNF:2
FNH:2
FNDA:19,cn
FNDA:4,debounce
DA:1,1
DA:2,1
DA:3,1
DA:4,1
DA:5,19
DA:6,19
DA:7,1
DA:8,1
DA:9,4
DA:10,4
DA:11,4
DA:12,4
DA:13,4
DA:14,4
DA:15,8
DA:16,4
DA:17,4
DA:18,8
DA:19,8
DA:20,4
DA:21,8
DA:22,8
DA:23,4
LF:23
LH:23
BRDA:4,0,0,19
BRDA:8,1,0,4
BRDA:14,2,0,8
BRDA:15,3,0,4
BRDA:19,4,0,4
BRF:5
BRH:5
end_of_record
TN:
SF:src/shared/ui/sheet.tsx
FN:75,SheetHeader
FN:89,SheetFooter
FNF:2
FNH:2
FNDA:1,SheetHeader
FNDA:1,SheetFooter
DA:1,1
DA:2,1
DA:3,1
DA:4,1
DA:5,1
DA:6,1
DA:7,1
DA:8,1
DA:9,1
DA:10,1
DA:11,1
DA:12,1
DA:13,1
DA:14,1
DA:15,1
DA:16,1
DA:17,1
DA:18,1
DA:19,1
DA:20,5
DA:21,5
DA:22,5
DA:23,5
DA:24,5
DA:25,5
DA:26,5
DA:27,5
DA:28,5
DA:29,1
DA:30,1
DA:31,1
DA:32,1
DA:33,1
DA:34,1
DA:35,1
DA:36,1
DA:37,1
DA:38,1
DA:39,1
DA:40,1
DA:41,1
DA:42,1
DA:43,1
DA:44,1
DA:45,1
DA:46,1
DA:47,1
DA:48,1
DA:49,1
DA:50,1
DA:51,1
DA:52,1
DA:53,1
DA:54,1
DA:55,1
DA:56,1
DA:57,1
DA:58,5
DA:59,5
DA:60,5
DA:61,5
DA:62,5
DA:63,5
DA:64,5
DA:65,5
DA:66,5
DA:67,5
DA:68,5
DA:69,5
DA:70,5
DA:71,5
DA:72,1
DA:73,1
DA:74,1
DA:75,1
DA:76,1
DA:77,1
DA:78,1
DA:79,1
DA:80,1
DA:81,1
DA:82,1
DA:83,1
DA:84,1
DA:85,1
DA:86,1
DA:87,1
DA:88,1
DA:89,1
DA:90,1
DA:91,1
DA:92,1
DA:93,1
DA:94,1
DA:95,1
DA:96,1
DA:97,1
DA:98,1
DA:99,1
DA:100,1
DA:101,1
DA:102,1
DA:103,1
DA:104,1
DA:105,1
DA:106,1
DA:107,1
DA:108,1
DA:109,1
DA:110,1
DA:111,1
DA:112,1
DA:113,1
DA:114,1
DA:115,1
DA:116,1
DA:117,1
DA:118,1
DA:119,1
DA:120,1
DA:121,1
DA:122,1
DA:123,1
DA:124,1
DA:125,1
DA:126,1
DA:127,1
DA:128,1
DA:129,1
DA:130,1
DA:131,1
DA:132,1
DA:133,1
DA:134,1
DA:135,1
DA:136,1
DA:137,1
DA:138,1
LF:138
LH:138
BRDA:19,0,0,5
BRDA:57,1,0,5
BRDA:75,2,0,1
BRDA:89,3,0,1
BRDA:106,4,0,1
BRDA:118,5,0,1
BRF:6
BRH:6
end_of_record
TN:
SF:src/widgets/event-details/ui/EventDetails.tsx
FN:6,EventDetails
FN:15,copy
FNF:2
FNH:2
FNDA:4,EventDetails
FNDA:1,copy
DA:1,1
DA:2,1
DA:3,1
DA:4,1
DA:5,1
DA:6,1
DA:7,4
DA:8,4
DA:9,4
DA:10,1
DA:11,1
DA:12,3
DA:13,3
DA:14,3
DA:15,3
DA:16,1
DA:17,1
DA:18,1
DA:19,0
DA:20,0
DA:21,1
DA:22,3
DA:23,3
DA:24,3
DA:25,3
DA:26,3
DA:27,3
DA:28,3
DA:29,3
DA:30,3
DA:31,3
DA:32,3
DA:33,3
DA:34,3
DA:35,3
DA:36,3
DA:37,3
DA:38,3
DA:39,3
DA:40,3
DA:41,3
DA:42,3
DA:43,3
DA:44,3
DA:45,3
DA:46,3
DA:47,3
DA:48,3
DA:49,3
DA:50,3
DA:51,3
DA:52,3
DA:53,3
DA:54,3
DA:55,3
DA:56,3
DA:57,3
DA:58,3
DA:59,3
DA:60,3
DA:61,3
DA:62,3
DA:63,3
DA:64,3
DA:65,3
DA:66,3
DA:67,3
DA:68,3
DA:69,3
DA:70,3
DA:71,3
LF:71
LH:69
BRDA:6,0,0,4
BRDA:9,1,0,1
BRDA:11,2,0,3
BRDA:15,3,0,1
BRDA:18,4,0,0
BRF:5
BRH:4
end_of_record
TN:
SF:src/widgets/event-details/ui/components/EventDetailsHeader.tsx
FN:5,EventDetailsHeader
FNF:1
FNH:1
FNDA:2,EventDetailsHeader
DA:1,1
DA:2,1
DA:3,1
DA:4,1
DA:5,1
DA:6,2
DA:7,2
DA:8,2
DA:9,2
DA:10,2
DA:11,2
DA:12,2
DA:13,2
DA:14,2
DA:15,2
DA:16,2
DA:17,2
DA:18,2
DA:19,2
DA:20,2
DA:21,2
DA:22,2
LF:22
LH:22
BRDA:5,0,0,2
BRF:1
BRH:1
end_of_record
TN:
SF:src/widgets/event-details/ui/components/EventDetailsPanel.tsx
FN:5,EventDetailsPanel
FN:11,onOpenChange
FNF:2
FNH:2
FNDA:3,EventDetailsPanel
FNDA:1,onOpenChange
DA:1,1
DA:2,1
DA:3,1
DA:4,1
DA:5,1
DA:6,3
DA:7,3
DA:8,3
DA:9,3
DA:10,3
DA:11,3
DA:12,3
DA:13,3
DA:14,3
DA:15,3
DA:16,3
DA:17,3
DA:18,3
DA:19,3
LF:19
LH:19
BRDA:5,0,0,3
BRDA:7,1,0,3
BRDA:11,2,0,1
BRF:3
BRH:3
end_of_record
TN:
SF:src/widgets/event-feed/ui/EventFeed.tsx
FN:8,EventFeed
FN:40,onSelect
FN:52,updateHeight
FNF:3
FNH:2
FNDA:8,EventFeed
FNDA:0,onSelect
FNDA:4,updateHeight
DA:1,1
DA:2,1
DA:3,1
DA:4,1
DA:5,1
DA:6,1
DA:7,1
DA:8,1
DA:9,8
DA:10,8
DA:11,8
DA:12,8
DA:13,8
DA:14,8
DA:15,8
DA:16,8
DA:17,8
DA:18,8
DA:19,8
DA:20,8
DA:21,8
DA:22,4
DA:23,8
DA:24,8
DA:25,8
DA:26,4
DA:27,4
DA:28,4
DA:29,4
DA:30,4
DA:31,8
DA:32,8
DA:33,8
DA:34,8
DA:35,8
DA:36,8
DA:37,8
DA:38,4
DA:39,4
DA:40,4
DA:41,0
DA:42,0
DA:43,0
DA:44,0
DA:45,0
DA:46,4
DA:47,4
DA:48,8
DA:49,8
DA:50,8
DA:51,8
DA:52,4
DA:53,4
DA:54,4
DA:55,4
DA:56,4
DA:57,4
DA:58,4
DA:59,4
DA:60,4
DA:61,4
DA:62,4
DA:63,4
DA:64,4
DA:65,4
DA:66,4
DA:67,8
DA:68,8
DA:69,8
DA:70,2
DA:71,2
DA:72,2
DA:73,2
DA:74,2
DA:75,2
DA:76,2
DA:77,2
DA:78,2
DA:79,2
DA:80,2
DA:81,2
DA:82,6
DA:83,6
DA:84,6
DA:85,6
DA:86,6
DA:87,6
DA:88,6
DA:89,6
DA:90,6
DA:91,6
DA:92,6
DA:93,6
DA:94,6
DA:95,6
DA:96,6
LF:96
LH:91
BRDA:8,0,0,8
BRDA:69,1,0,2
BRDA:69,2,0,2
BRDA:81,3,0,6
BRDA:10,4,0,8
BRDA:21,5,0,4
BRDA:25,6,0,4
BRDA:28,7,0,4
BRDA:37,8,0,4
BRDA:51,9,0,4
BRDA:52,10,0,4
BRDA:64,11,0,4
BRF:12
BRH:12
end_of_record
TN:
SF:src/widgets/event-feed/ui/components/EventRow.tsx
FN:26,onClick
FNF:1
FNH:1
FNDA:1,onClick
DA:1,1
DA:2,1
DA:3,1
DA:4,1
DA:5,1
DA:6,1
DA:7,1
DA:8,1
DA:9,1
DA:10,1
DA:11,1
DA:12,1
DA:13,1
DA:14,1
DA:15,9
DA:16,9
DA:17,9
DA:18,9
DA:19,8
DA:20,9
DA:21,9
DA:22,9
DA:23,9
DA:24,9
DA:25,9
DA:26,9
DA:27,9
DA:28,9
DA:29,9
DA:30,9
DA:31,9
DA:32,9
DA:33,9
DA:34,9
DA:35,7
DA:36,7
DA:37,7
DA:38,9
DA:39,9
DA:40,9
DA:41,9
DA:42,9
DA:43,9
DA:44,9
DA:45,9
DA:46,9
DA:47,9
DA:48,9
DA:49,1
LF:49
LH:49
BRDA:14,0,0,9
BRDA:18,1,0,8
BRDA:34,2,0,7
BRDA:26,3,0,1
BRF:4
BRH:4
end_of_record
TN:
SF:src/widgets/event-feed/ui/hooks/useFilteredEvents.ts
FN:5,useFilteredEvents
FNF:1
FNH:1
FNDA:10,useFilteredEvents
DA:1,1
DA:2,1
DA:3,1
DA:4,1
DA:5,1
DA:6,10
DA:7,10
DA:8,10
DA:9,10
DA:10,27
DA:11,27
DA:12,27
DA:13,12
DA:14,10
DA:15,10
DA:16,10
LF:16
LH:16
BRDA:5,0,0,10
BRDA:7,1,0,10
BRDA:9,2,0,27
BRDA:10,3,0,9
BRDA:10,4,0,4
BRDA:10,5,0,23
BRDA:11,6,0,6
BRDA:11,7,0,2
BRDA:11,8,0,21
BRDA:12,9,0,14
BRDA:12,10,0,9
BRDA:12,11,0,12
BRF:12
BRH:12
end_of_record
